Chemberoiy/android/build/outputs/mapping/release/mapping.txt
# compiler: R8
# compiler_version: 1.5.69
# min_api: 14
# pg_map_id: c1db91d
com.sung.project.AllResources -> com.sung.project.a:
    void dispose() -> a
    void create() -> e
    void render() -> f
com.sung.project.Main -> com.sung.project.b:
    long lastDropTime2 -> i
    com.badlogic.gdx.graphics.Texture hills -> v
    com.badlogic.gdx.math.Rectangle Hills -> U
    com.badlogic.gdx.graphics.Color color -> f
    com.badlogic.gdx.graphics.Texture Speed -> z
    com.badlogic.gdx.math.Rectangle speed -> Y
    com.badlogic.gdx.graphics.Texture fireBall -> D
    com.badlogic.gdx.math.Rectangle left -> I
    com.badlogic.gdx.math.Rectangle enemy -> M
    com.badlogic.gdx.graphics.Texture Player -> m
    com.badlogic.gdx.math.Rectangle XY -> Q
    com.badlogic.gdx.graphics.Texture forest -> q
    com.badlogic.gdx.graphics.Texture Aid -> w
    java.lang.String gearStatus -> j0
    com.badlogic.gdx.math.Rectangle boss -> X
    long lastDropTime -> h
    int anamyHealthNow -> l0
    com.badlogic.gdx.graphics.Texture Gears -> A
    int gear -> n0
    com.badlogic.gdx.utils.Array rectBulletl2 -> d0
    com.badlogic.gdx.graphics.g2d.BitmapFont scFont -> d
    com.badlogic.gdx.graphics.g2d.Sprite sprite -> x
    com.badlogic.gdx.math.Rectangle player -> H
    com.badlogic.gdx.math.Rectangle ledge -> h0
    com.badlogic.gdx.graphics.Texture img -> j
    com.badlogic.gdx.math.Rectangle logoBomb2 -> f0
    com.badlogic.gdx.math.Rectangle ship -> L
    com.badlogic.gdx.graphics.Texture LeftButton -> n
    com.badlogic.gdx.math.Rectangle gears2 -> b0
    com.badlogic.gdx.math.Rectangle ban -> P
    com.badlogic.gdx.graphics.Texture Ship -> r
...
com.badlogic.gdx.backends.android.DefaultAndroidAudio -> a.a.a.r.a.t:
    java.util.List musics -> b
    android.media.SoundPool soundPool -> a
    void dispose() -> a
    com.badlogic.gdx.audio.Music newMusic(com.badlogic.gdx.files.FileHandle) -> a
    void notifyMusicDisposed(com.badlogic.gdx.backends.android.AndroidMusic) -> a
    void resume() -> c
    void pause() -> d
com.badlogic.gdx.backends.android.DefaultAndroidFiles -> a.a.a.r.a.u:
    com.badlogic.gdx.backends.android.ZipResourceFile expansionFile -> d
    android.content.res.AssetManager assets -> c
    java.lang.String externalFilesPath -> a
    java.lang.String localpath -> b
    com.badlogic.gdx.files.FileHandle classpath(java.lang.String) -> a
    com.badlogic.gdx.backends.android.ZipResourceFile getExpansionFile() -> a
    com.badlogic.gdx.files.FileHandle getFileHandle(java.lang.String,com.badlogic.gdx.Files$FileType) -> a
    com.badlogic.gdx.files.FileHandle getZipFileHandleIfExists(com.badlogic.gdx.files.FileHandle,java.lang.String) -> a
    java.lang.String initExternalFilesPath(android.content.ContextWrapper) -> a
    java.lang.String getLocalStoragePath() -> b
    com.badlogic.gdx.files.FileHandle internal(java.lang.String) -> b
    java.lang.String getExternalStoragePath() -> c
com.badlogic.gdx.backends.android.DefaultAndroidInput -> a.a.a.r.a.v:
    com.badlogic.gdx.InputProcessor processor -> H
    com.badlogic.gdx.backends.android.AndroidMouseHandler mouseHandler -> P
    float[] magneticFieldValues -> E
    boolean[] touched -> o
    boolean hasMultitouch -> s
    java.util.ArrayList keyEvents -> i
    android.hardware.SensorEventListener gyroscopeListener -> L
    float[] gyroscopeValues -> x
    int[] deltaY -> n
    int[] button -> p
    boolean justTouched -> G
    com.badlogic.gdx.utils.Pool usedKeyEvents -> f
    float[] pressure -> r
    int[] touchY -> l
    boolean compassAvailable -> C
    com.badlogic.gdx.Application app -> y
    boolean[] justPressedButtons -> t
    com.badlogic.gdx.Input$Orientation nativeOrientation -> J
    android.hardware.SensorEventListener rotationVectorListener -> N
    boolean accelerometerAvailable -> v
    float[] rotationVectorValues -> F
    com.badlogic.gdx.backends.android.AndroidTouchHandler touchHandler -> A
    int sleepTime -> B
    boolean requestFocus -> Q
    java.util.ArrayList genericMotionListeners -> O
    java.util.ArrayList touchEvents -> j
    android.hardware.SensorEventListener accelerometerListener -> K
    float[] accelerometerValues -> w
    java.util.ArrayList keyListeners -> h
    android.hardware.SensorEventListener compassListener -> M
    android.hardware.SensorManager manager -> u
    int[] realId -> q
    android.content.Context context -> z
    int[] touchX -> k
com.badlogic.gdx.backends.android.DefaultAndroidInput$1 -> a.a.a.r.a.v$a:
    com.badlogic.gdx.backends.android.DefaultAndroidInput$KeyEvent newObject() -> a
    java.lang.Object newObject() -> a
com.badlogic.gdx.backends.android.DefaultAndroidInput$2 -> a.a.a.r.a.v$b:
    com.badlogic.gdx.backends.android.DefaultAndroidInput$TouchEvent newObject() -> a
    java.lang.Object newObject() -> a
com.badlogic.gdx.backends.android.DefaultAndroidInput$5 -> a.a.a.r.a.v$c:
    int[] $SwitchMap$com$badlogic$gdx$Input$OnscreenKeyboardType -> a
com.badlogic.gdx.backends.android.DefaultAndroidInput$KeyEvent -> a.a.a.r.a.v$d:
    long timeStamp -> a
    int type -> b
    char keyChar -> d
    int keyCode -> c
com.badlogic.gdx.backends.android.DefaultAndroidInput$SensorListener -> a.a.a.r.a.v$e:
    com.badlogic.gdx.backends.android.DefaultAndroidInput this$0 -> a
com.badlogic.gdx.backends.android.DefaultAndroidInput$TouchEvent -> a.a.a.r.a.v$f:
    int pointer -> h
    int scrollAmountY -> f
    long timeStamp -> a
    int button -> g
    int y -> d
    int scrollAmountX -> e
    int type -> b
    int x -> c